c:\users\v7185\onedrive\桌面\研究與試驗\rpg-game\rpg-game\x64\debug\vc143.pdb
c:\users\v7185\onedrive\桌面\研究與試驗\rpg-game\rpg-game\x64\debug\vc143.idb
c:\users\v7185\onedrive\桌面\研究與試驗\rpg-game\rpg-game\x64\debug\player.obj
c:\users\v7185\onedrive\桌面\研究與試驗\rpg-game\rpg-game\x64\debug\objectsignsheet.obj
c:\users\v7185\onedrive\桌面\研究與試驗\rpg-game\rpg-game\x64\debug\mapdataloader.obj
c:\users\v7185\onedrive\桌面\研究與試驗\rpg-game\rpg-game\x64\debug\main.obj
c:\users\v7185\onedrive\桌面\研究與試驗\rpg-game\rpg-game\x64\debug\local_image.obj
c:\users\v7185\onedrive\桌面\研究與試驗\rpg-game\rpg-game\x64\debug\wall.obj
c:\users\v7185\onedrive\桌面\研究與試驗\rpg-game\rpg-game\x64\debug\skill.obj
c:\users\v7185\onedrive\桌面\研究與試驗\rpg-game\rpg-game\x64\debug\npc.obj
c:\users\v7185\onedrive\桌面\研究與試驗\rpg-game\rpg-game\x64\debug\logicjudge.obj
c:\users\v7185\onedrive\桌面\研究與試驗\rpg-game\rpg-game\x64\debug\enity.obj
c:\users\v7185\onedrive\桌面\研究與試驗\rpg-game\rpg-game\x64\debug\door.obj
c:\users\v7185\onedrive\桌面\研究與試驗\rpg-game\x64\debug\rpg-game.exe
c:\users\v7185\onedrive\桌面\研究與試驗\rpg-game\x64\debug\rpg-game.pdb
c:\users\v7185\onedrive\桌面\研究與試驗\rpg-game\rpg-game\x64\debug\rpg-game.tlog\cl.command.1.tlog
c:\users\v7185\onedrive\桌面\研究與試驗\rpg-game\rpg-game\x64\debug\rpg-game.tlog\cl.items.tlog
c:\users\v7185\onedrive\桌面\研究與試驗\rpg-game\rpg-game\x64\debug\rpg-game.tlog\cl.read.1.tlog
c:\users\v7185\onedrive\桌面\研究與試驗\rpg-game\rpg-game\x64\debug\rpg-game.tlog\cl.write.1.tlog
c:\users\v7185\onedrive\桌面\研究與試驗\rpg-game\rpg-game\x64\debug\rpg-game.tlog\link.command.1.tlog
c:\users\v7185\onedrive\桌面\研究與試驗\rpg-game\rpg-game\x64\debug\rpg-game.tlog\link.read.1.tlog
c:\users\v7185\onedrive\桌面\研究與試驗\rpg-game\rpg-game\x64\debug\rpg-game.tlog\link.secondary.1.tlog
c:\users\v7185\onedrive\桌面\研究與試驗\rpg-game\rpg-game\x64\debug\rpg-game.tlog\link.write.1.tlog
